about to read a
read a
read b
read c
26351, 100256, 0, 4.26791
about to read a
read a
read b
read c
26351, 200512, 0, 4.4158
about to read a
read a
read b
read c
26351, 400060, 0, 4.75002
about to read a
read a
read b
read c
26351, 800120, 0, 5.4188
about to read a
read a
read b
read c
26351, 930260, 0, 5.74707
about to read a
read a
read b
read c
44944, 1002354, 0, 30.369
about to read a
read a
read b
read c
44944, 2004708, 0, 34.6627
about to read a
read a
read b
read c
44944, 4009416, 0, 43.9264
about to read a
read a
read b
read c
44944, 8008054, 0, 55.8613
about to read a
read a
read b
read c
44944, 16005330, 0, 80.5494
about to read a
read a
read b
read c
44944, 32010660, 0, 142.057
about to read a
read a
read b
read c
44944, 64010542, 0, 247.18
about to read a
read a
read b
read c
108639, 1000034, 0, 75.7046
about to read a
read a
read b
read c
108639, 2000068, 0, 77.8763
about to read a
read a
read b
read c
108639, 4000136, 0, 85.6309
about to read a
read a
read b
read c
108639, 4000136, 0, 85.8656
about to read a
read a
read b
read c
108639, 16000544, 0, 107.694
about to read a
read a
read b
read c
108639, 32001088, 0, 130.587
about to read a
read a
read b
read c
108639, 64002176, 0, 184.933
about to read a
read a
read b
read c
26351, 100256, 0, 4.28146
about to read a
read a
read b
read c
26351, 200512, 0, 4.44499
about to read a
read a
read b
read c
26351, 400060, 0, 4.77776
about to read a
read a
read b
read c
26351, 800120, 0, 5.51718
about to read a
read a
read b
read c
26351, 930260, 0, 5.73486
about to read a
read a
read b
read c
44944, 1002354, 0, 30.6344
about to read a
read a
read b
read c
44944, 2004708, 0, 35.2086
about to read a
read a
read b
read c
44944, 4009416, 0, 41.1682
about to read a
read a
read b
read c
44944, 8008054, 0, 52.8883
about to read a
read a
read b
read c
44944, 16005330, 0, 74.8968
about to read a
read a
read b
read c
44944, 32010660, 0, 131.373
about to read a
read a
read b
read c
44944, 64010542, 0, 223.36
about to read a
read a
read b
read c
108639, 1000034, 0, 73.3226
about to read a
read a
read b
read c
108639, 2000068, 0, 76.3084
about to read a
read a
read b
read c
108639, 4000136, 0, 82.3081
about to read a
read a
read b
read c
108639, 4000136, 0, 82.5786
about to read a
read a
read b
read c
108639, 16000544, 0, 102.158
about to read a
read a
read b
read c
108639, 32001088, 0, 130.406
about to read a
read a
read b
read c
108639, 64002176, 0, 189.017
